#
# A fatal error has been detected by the Java Runtime Environment:
#
#  EXCEPTION_UNCAUGHT_CXX_EXCEPTION (0xe06d7363) at pc=0x00007ff9c25a4fd9, pid=5624, tid=5392
#
# JRE version: Java(TM) SE Runtime Environment (8.0_45-b15) (build 1.8.0_45-b15)
# Java VM: Java HotSpot(TM) 64-Bit Server VM (25.45-b02 mixed mode windows-amd64 compressed oops)
# Problematic frame:
# C  [KERNELBASE.dll+0x34fd9]
#
# Failed to write core dump. Minidumps are not enabled by default on client versions of Windows
#
# If you would like to submit a bug report, please visit:
#   http://bugreport.java.com/bugreport/crash.jsp
# The crash happened outside the Java Virtual Machine in native code.
# See problematic frame for where to report the bug.
#

---------------  T H R E A D  ---------------

Current thread (0x0000000002e53800):  JavaThread "main" [_thread_in_native, id=5392, stack(0x0000000002d50000,0x0000000002e50000)]

siginfo: ExceptionCode=0xe06d7363, ExceptionInformation=0x0000000019930520 0x0000000002e4dde0 0x00007ff9a3b333e8 0x00007ff9a3ad0000 

Registers:
RAX=0x0000000000000000, RBX=0x00007ff9a3b333e8, RCX=0x0000000000000001, RDX=0x00007ff9c4c3b86b
RSP=0x0000000002e4dc80, RBP=0x0000000002e4df19, RSI=0x0000000002e4dde0, RDI=0x0000000019930520
R8 =0x0000000000000000, R9 =0x0000000000000000, R10=0x0000000000b25340, R11=0x0000000000000000
R12=0x0000000000000c14, R13=0x0000000039769400, R14=0x0000000000000080, R15=0x0000000000000780
RIP=0x00007ff9c25a4fd9, EFLAGS=0x0000000000000202

Top of Stack: (sp=0x0000000002e4dc80)
0x0000000002e4dc80:   0000000000010000 00007ff9a3b333e8
0x0000000002e4dc90:   0000000002e4dde0 0000000002e4dd40
0x0000000002e4dca0:   00000001e06d7363 0000000000000000
0x0000000002e4dcb0:   00007ff9c25a4fd9 0000000000000004
0x0000000002e4dcc0:   0000000019930520 0000000002e4dde0
0x0000000002e4dcd0:   00007ff9a3b333e8 00007ff9a3ad0000
0x0000000002e4dce0:   0000000039769400 0000000000000c14
0x0000000002e4dcf0:   0000000002e4dde0 0000000002e4df19
0x0000000002e4dd00:   0000000002e4dd80 00007ff9c4c44a5f
0x0000000002e4dd10:   0000000019930520 00007ff900000000
0x0000000002e4dd20:   0000000000000000 000000000000001c
0x0000000002e4dd30:   00007ff9a3b57000 00007ff9a3ad0000
0x0000000002e4dd40:   0000c394668cf33a 00007ff9a46261be
0x0000000002e4dd50:   00007ff9a3b333e8 00007ff9a4626480
0x0000000002e4dd60:   0000000002e4deb0 000000002dfc7be5
0x0000000002e4dd70:   0000000000000080 00007ff9a3b0a96c 

Instructions: (pc=0x00007ff9c25a4fd9)
0x00007ff9c25a4fb9:   8b d1 44 0f 47 c0 44 89 44 24 38 49 c1 e0 03 e8
0x00007ff9c25a4fc9:   0a 1e 06 00 48 8d 4c 24 20 48 ff 15 27 e6 18 00
0x00007ff9c25a4fd9:   0f 1f 44 00 00 48 8b 8c 24 c0 00 00 00 48 33 cc
0x00007ff9c25a4fe9:   e8 52 96 05 00 48 81 c4 d8 00 00 00 c3 cc 83 64 


Register to memory mapping:

RAX=0x0000000000000000 is an unknown value
RBX=0x00007ff9a3b333e8 is an unknown value
RCX=0x0000000000000001 is an unknown value
RDX=0x00007ff9c4c3b86b is an unknown value
RSP=0x0000000002e4dc80 is pointing into the stack for thread: 0x0000000002e53800
RBP=0x0000000002e4df19 is pointing into the stack for thread: 0x0000000002e53800
RSI=0x0000000002e4dde0 is pointing into the stack for thread: 0x0000000002e53800
RDI=0x0000000019930520 is an unknown value
R8 =0x0000000000000000 is an unknown value
R9 =0x0000000000000000 is an unknown value
R10=0x0000000000b25340 is an unknown value
R11=0x0000000000000000 is an unknown value
R12=0x0000000000000c14 is an unknown value
R13=0x0000000039769400 is an unknown value
R14=0x0000000000000080 is an unknown value
R15=0x0000000000000780 is an unknown value


Stack: [0x0000000002d50000,0x0000000002e50000],  sp=0x0000000002e4dc80,  free space=1015k
Native frames: (J=compiled Java code, j=interpreted, Vv=VM code, C=native code)
C  [KERNELBASE.dll+0x34fd9]
C  [VCRUNTIME140.dll+0x6480]
C  [MSVCP140.dll+0x3acd2]
C  0x00000000324dfae0
C  0x00000000325b5ad7
C  0x00000000325baddd
C  0x00000000325b8908
C  0x00000000325b832b
C  [WrapjAnalyst.dll+0x791ec]
C  0x00000000031cdfcc

Java frames: (J=compiled Java code, j=interpreted, Vv=VM code)
j  com.supermap.analyst.spatialanalyst.StatisticsAnalystNative.jni_ZonalStatisticsOnRasterValue(JLjava/lang/String;JIJLjava/lang/String;JLjava/lang/String;Z)[J+0
j  com.supermap.analyst.spatialanalyst.StatisticsAnalyst.zonalStatisticsOnRasterValue(Lcom/supermap/analyst/spatialanalyst/ZonalStatisticsAnalystParameter;[Lcom/supermap/data/SteppedListener;)Lcom/supermap/analyst/spatialanalyst/ZonalStatisticsAnalystResult;+240
j  com.supermap.analyst.spatialanalyst.StatisticsAnalyst.zonalStatisticsOnRasterValue(Lcom/supermap/analyst/spatialanalyst/ZonalStatisticsAnalystParameter;)Lcom/supermap/analyst/spatialanalyst/ZonalStatisticsAnalystResult;+12
j  ZonalStatisticsTest.main([Ljava/lang/String;)V+236
v  ~StubRoutines::call_stub

---------------  P R O C E S S  ---------------

Java Threads: ( => current thread )
  0x000000002ae95800 JavaThread "Service Thread" daemon [_thread_blocked, id=16896, stack(0x000000002bc30000,0x000000002bd30000)]
  0x000000002ae21000 JavaThread "C1 CompilerThread11" daemon [_thread_blocked, id=3068, stack(0x000000002bb30000,0x000000002bc30000)]
  0x000000002ae1f800 JavaThread "C1 CompilerThread10" daemon [_thread_blocked, id=14788, stack(0x000000002ba30000,0x000000002bb30000)]
  0x000000002ae1c000 JavaThread "C1 CompilerThread9" daemon [_thread_blocked, id=15352, stack(0x000000002b930000,0x000000002ba30000)]
  0x000000002ada3800 JavaThread "C1 CompilerThread8" daemon [_thread_blocked, id=15000, stack(0x000000002b830000,0x000000002b930000)]
  0x000000002ad9b000 JavaThread "C2 CompilerThread7" daemon [_thread_blocked, id=16864, stack(0x000000002b730000,0x000000002b830000)]
  0x000000002ad80000 JavaThread "C2 CompilerThread6" daemon [_thread_blocked, id=11280, stack(0x000000002b630000,0x000000002b730000)]
  0x000000002ad77800 JavaThread "C2 CompilerThread5" daemon [_thread_blocked, id=9796, stack(0x000000002b530000,0x000000002b630000)]
  0x000000002ad74800 JavaThread "C2 CompilerThread4" daemon [_thread_blocked, id=15916, stack(0x000000002b330000,0x000000002b430000)]
  0x000000002ad67000 JavaThread "C2 CompilerThread3" daemon [_thread_blocked, id=3060, stack(0x000000002b230000,0x000000002b330000)]
  0x000000002ad64800 JavaThread "C2 CompilerThread2" daemon [_thread_blocked, id=3368, stack(0x000000002b130000,0x000000002b230000)]
  0x000000002ad63800 JavaThread "C2 CompilerThread1" daemon [_thread_blocked, id=15008, stack(0x000000002b030000,0x000000002b130000)]
  0x000000002ad5f000 JavaThread "C2 CompilerThread0" daemon [_thread_blocked, id=1608, stack(0x000000002af30000,0x000000002b030000)]
  0x000000002845d800 JavaThread "JDWP Command Reader" daemon [_thread_in_native, id=15972, stack(0x000000002a630000,0x000000002a730000)]
  0x0000000028459800 JavaThread "JDWP Event Helper Thread" daemon [_thread_blocked, id=16832, stack(0x000000002a530000,0x000000002a630000)]
  0x00000000283fd800 JavaThread "JDWP Transport Listener: dt_socket" daemon [_thread_blocked, id=13732, stack(0x000000002a400000,0x000000002a500000)]
  0x000000002844a000 JavaThread "Attach Listener" daemon [_thread_blocked, id=17212, stack(0x000000002a230000,0x000000002a330000)]
  0x0000000028449000 JavaThread "Signal Dispatcher" daemon [_thread_blocked, id=6408, stack(0x000000002a130000,0x000000002a230000)]
  0x000000002671d800 JavaThread "Finalizer" daemon [_thread_blocked, id=17208, stack(0x000000002a030000,0x000000002a130000)]
  0x000000002671b000 JavaThread "Reference Handler" daemon [_thread_blocked, id=6176, stack(0x0000000029f30000,0x000000002a030000)]
=>0x0000000002e53800 JavaThread "main" [_thread_in_native, id=5392, stack(0x0000000002d50000,0x0000000002e50000)]

Other Threads:
  0x00000000283a6800 VMThread [stack: 0x0000000029e30000,0x0000000029f30000] [id=16000]
  0x000000002ae96800 WatcherThread [stack: 0x000000002bd30000,0x000000002be30000] [id=3376]

VM state:not at safepoint (normal execution)

VM Mutex/Monitor currently owned by a thread: None

Heap:
 PSYoungGen      total 152576K, used 78748K [0x0000000716900000, 0x0000000721300000, 0x00000007c0000000)
  eden space 131072K, 60% used [0x0000000716900000,0x000000071b5e7008,0x000000071e900000)
  from space 21504K, 0% used [0x000000071fe00000,0x000000071fe00000,0x0000000721300000)
  to   space 21504K, 0% used [0x000000071e900000,0x000000071e900000,0x000000071fe00000)
 ParOldGen       total 348160K, used 0K [0x00000005c3a00000, 0x00000005d8e00000, 0x0000000716900000)
  object space 348160K, 0% used [0x00000005c3a00000,0x00000005c3a00000,0x00000005d8e00000)
 Metaspace       used 9330K, capacity 9608K, committed 9856K, reserved 1058816K
  class space    used 998K, capacity 1091K, committed 1152K, reserved 1048576K

Card table byte_map: [0x0000000012570000,0x0000000013560000] byte_map_base: 0x000000000f753000

Marking Bits: (ParMarkBitMap*) 0x000000006eb24040
 Begin Bits: [0x0000000014f00000, 0x000000001ce18000)
 End Bits:   [0x000000001ce18000, 0x0000000024d30000)

Polling page: 0x00000000005d0000

CodeCache: size=245760Kb used=3285Kb max_used=3285Kb free=242474Kb
 bounds [0x00000000031b0000, 0x00000000034f0000, 0x00000000121b0000]
 total_blobs=619 nmethods=249 adapters=288
 compilation: enabled

Compilation events (10 events):
Event: 0.528 Thread 0x000000002ae21000 nmethod 201 0x00000000034bf810 code [0x00000000034bf980, 0x00000000034bfb68]
Event: 0.528 Thread 0x000000002ae21000  205       1       java.security.ProtectionDomain::getCodeSource (5 bytes)
Event: 0.528 Thread 0x000000002ae1f800 nmethod 200 0x00000000034bfc50 code [0x00000000034bfde0, 0x00000000034c0168]
Event: 0.528 Thread 0x000000002ada3800 nmethod 198 0x00000000034c0310 code [0x00000000034c04a0, 0x00000000034c0968]
Event: 0.528 Thread 0x000000002ae21000 nmethod 205 0x00000000034ba090 code [0x00000000034ba1e0, 0x00000000034ba2f0]
Event: 0.528 Thread 0x000000002ae1c000 nmethod 204 0x00000000034c0cd0 code [0x00000000034c0ec0, 0x00000000034c16b8]
Event: 0.534 Thread 0x000000002ad63800 nmethod 191 0x00000000034c5690 code [0x00000000034c5880, 0x00000000034c67f0]
Event: 0.541 Thread 0x000000002ad64800 nmethod 186 0x00000000034ce010 code [0x00000000034ce2a0, 0x00000000034cff60]
Event: 0.541 Thread 0x000000002ad74800 nmethod 190 0x00000000034d1fd0 code [0x00000000034d2280, 0x00000000034d3f28]
Event: 0.579 Thread 0x000000002ad77800 nmethod 93 0x00000000034dee90 code [0x00000000034df220, 0x00000000034e6aa0]

GC Heap History (0 events):
No events

Deoptimization events (0 events):
No events

Internal exceptions (10 events):
Event: 0.386 Thread 0x0000000002e53800 Exception <a 'java/security/PrivilegedActionException'> (0x00000007171244d8) thrown at [C:\re\workspace\8-2-build-windows-amd64-cygwin\jdk8u45\3627\hotspot\src\share\vm\prims\jvm.cpp, line 1382]
Event: 0.386 Thread 0x0000000002e53800 Exception <a 'java/security/PrivilegedActionException'> (0x0000000717124690) thrown at [C:\re\workspace\8-2-build-windows-amd64-cygwin\jdk8u45\3627\hotspot\src\share\vm\prims\jvm.cpp, line 1382]
Event: 15.802 Thread 0x0000000002e53800 Exception <a 'java/lang/NoSuchFieldError': method resolution failed> (0x0000000718287fc0) thrown at [C:\re\workspace\8-2-build-windows-amd64-cygwin\jdk8u45\3627\hotspot\src\share\vm\prims\methodHandles.cpp, line 1125]
Event: 15.823 Thread 0x0000000002e53800 Exception <a 'java/lang/NoSuchFieldError': method resolution failed> (0x0000000718297158) thrown at [C:\re\workspace\8-2-build-windows-amd64-cygwin\jdk8u45\3627\hotspot\src\share\vm\prims\methodHandles.cpp, line 1125]
Event: 15.922 Thread 0x0000000002e53800 Exception <a 'java/security/PrivilegedActionException'> (0x0000000718331210) thrown at [C:\re\workspace\8-2-build-windows-amd64-cygwin\jdk8u45\3627\hotspot\src\share\vm\prims\jvm.cpp, line 1382]
Event: 15.922 Thread 0x0000000002e53800 Exception <a 'java/security/PrivilegedActionException'> (0x00000007183313c8) thrown at [C:\re\workspace\8-2-build-windows-amd64-cygwin\jdk8u45\3627\hotspot\src\share\vm\prims\jvm.cpp, line 1382]
Event: 15.927 Thread 0x0000000002e53800 Exception <a 'java/security/PrivilegedActionException'> (0x0000000718333bc8) thrown at [C:\re\workspace\8-2-build-windows-amd64-cygwin\jdk8u45\3627\hotspot\src\share\vm\prims\jvm.cpp, line 1382]
Event: 15.927 Thread 0x0000000002e53800 Exception <a 'java/security/PrivilegedActionException'> (0x0000000718333d80) thrown at [C:\re\workspace\8-2-build-windows-amd64-cygwin\jdk8u45\3627\hotspot\src\share\vm\prims\jvm.cpp, line 1382]
Event: 16.089 Thread 0x0000000002e53800 Exception <a 'java/io/FileNotFoundException'> (0x0000000718381640) thrown at [C:\re\workspace\8-2-build-windows-amd64-cygwin\jdk8u45\3627\hotspot\src\share\vm\prims\jni.cpp, line 709]
Event: 21.083 Thread 0x0000000002e53800 Exception <a 'java/lang/NoClassDefFoundError': supermap/shaded/org/slf4j/impl/StaticLoggerBinder> (0x00000007185723d8) thrown at [C:\re\workspace\8-2-build-windows-amd64-cygwin\jdk8u45\3627\hotspot\src\share\vm\classfile\systemDictionary.cpp, line 199]

Events (10 events):
Event: 42.194 loading class com/supermap/data/SteppedDispatcher
Event: 42.194 loading class com/supermap/data/SteppedDispatcher done
Event: 42.239 loading class com/supermap/analyst/spatialanalyst/InternalHandle
Event: 42.239 loading class com/supermap/analyst/spatialanalyst/InternalHandle done
Event: 42.247 loading class com/supermap/analyst/spatialanalyst/InternalEnum
Event: 42.247 loading class com/supermap/analyst/spatialanalyst/InternalEnum done
Event: 42.255 loading class com/supermap/analyst/spatialanalyst/StatisticsAnalystNative
Event: 42.255 loading class com/supermap/analyst/spatialanalyst/StatisticsAnalystNative done
Event: 43.464 loading class com/supermap/data/SteppedEvent
Event: 43.464 loading class com/supermap/data/SteppedEvent done


Dynamic libraries:
0x00007ff7bdd70000 - 0x00007ff7bdda7000 	D:\Java\8.0\jdk1.8.0_45\bin\javaw.exe
0x00007ff9c4c10000 - 0x00007ff9c4e08000 	C:\Windows\SYSTEM32\ntdll.dll
0x00007ff9c3810000 - 0x00007ff9c38cd000 	C:\Windows\System32\KERNEL32.DLL
0x00007ff9c2570000 - 0x00007ff9c283e000 	C:\Windows\System32\KERNELBASE.dll
0x00007ff9c3f70000 - 0x00007ff9c401e000 	C:\Windows\System32\ADVAPI32.dll
0x00007ff9c4b30000 - 0x00007ff9c4bce000 	C:\Windows\System32\msvcrt.dll
0x00007ff9c2da0000 - 0x00007ff9c2e3c000 	C:\Windows\System32\sechost.dll
0x00007ff9c49d0000 - 0x00007ff9c4af5000 	C:\Windows\System32\RPCRT4.dll
0x00007ff9c4040000 - 0x00007ff9c41e0000 	C:\Windows\System32\USER32.dll
0x00007ff9c2bd0000 - 0x00007ff9c2bf2000 	C:\Windows\System32\win32u.dll
0x00007ff9c4b00000 - 0x00007ff9c4b2a000 	C:\Windows\System32\GDI32.dll
0x00007ff9c2330000 - 0x00007ff9c243b000 	C:\Windows\System32\gdi32full.dll
0x00007ff9c2440000 - 0x00007ff9c24dd000 	C:\Windows\System32\msvcp_win.dll
0x00007ff9c2840000 - 0x00007ff9c2940000 	C:\Windows\System32\ucrtbase.dll
0x00007ff9b6880000 - 0x00007ff9b6b1a000 	C:\Windows\WinSxS\amd64_microsoft.windows.common-controls_6595b64144ccf1df_6.0.19041.1110_none_60b5254171f9507e\COMCTL32.dll
0x00007ff9c3e20000 - 0x00007ff9c3e50000 	C:\Windows\System32\IMM32.DLL
0x000000006dcc0000 - 0x000000006dd92000 	D:\Java\8.0\jdk1.8.0_45\jre\bin\msvcr100.dll
0x000000006e320000 - 0x000000006eba3000 	D:\Java\8.0\jdk1.8.0_45\jre\bin\server\jvm.dll
0x00007ff9c2c70000 - 0x00007ff9c2c78000 	C:\Windows\System32\PSAPI.DLL
0x00007ff9bc0d0000 - 0x00007ff9bc0da000 	C:\Windows\SYSTEM32\VERSION.dll
0x00007ff997660000 - 0x00007ff997669000 	C:\Windows\SYSTEM32\WSOCK32.dll
0x00007ff9bb2e0000 - 0x00007ff9bb307000 	C:\Windows\SYSTEM32\WINMM.dll
0x00007ff9c3db0000 - 0x00007ff9c3e1b000 	C:\Windows\System32\WS2_32.dll
0x000000006f6e0000 - 0x000000006f6ef000 	D:\Java\8.0\jdk1.8.0_45\jre\bin\verify.dll
0x000000006f6b0000 - 0x000000006f6d9000 	D:\Java\8.0\jdk1.8.0_45\jre\bin\java.dll
0x000000006dc80000 - 0x000000006dcb5000 	D:\Java\8.0\jdk1.8.0_45\jre\bin\jdwp.dll
0x000000006dc70000 - 0x000000006dc78000 	D:\Java\8.0\jdk1.8.0_45\jre\bin\npt.dll
0x000000006dc40000 - 0x000000006dc63000 	D:\Java\8.0\jdk1.8.0_45\jre\bin\instrument.dll
0x000000006f690000 - 0x000000006f6a6000 	D:\Java\8.0\jdk1.8.0_45\jre\bin\zip.dll
0x00007ff9c3010000 - 0x00007ff9c3754000 	C:\Windows\System32\SHELL32.dll
0x00007ff9c0450000 - 0x00007ff9c0be4000 	C:\Windows\SYSTEM32\windows.storage.dll
0x00007ff9c3a50000 - 0x00007ff9c3da4000 	C:\Windows\System32\combase.dll
0x00007ff9c1d90000 - 0x00007ff9c1dc0000 	C:\Windows\SYSTEM32\Wldp.dll
0x00007ff9c3760000 - 0x00007ff9c380d000 	C:\Windows\System32\SHCORE.dll
0x00007ff9c2d40000 - 0x00007ff9c2d95000 	C:\Windows\System32\shlwapi.dll
0x00007ff9c2270000 - 0x00007ff9c228f000 	C:\Windows\SYSTEM32\profapi.dll
0x000000006dc30000 - 0x000000006dc39000 	D:\Java\8.0\jdk1.8.0_45\jre\bin\dt_socket.dll
0x00007ff988310000 - 0x00007ff988327000 	C:\Windows\system32\napinsp.dll
0x00007ff9882f0000 - 0x00007ff98830b000 	C:\Windows\system32\pnrpnsp.dll
0x00007ff9ad3d0000 - 0x00007ff9ad3e5000 	C:\Windows\system32\wshbth.dll
0x00007ff9bdf90000 - 0x00007ff9bdfad000 	C:\Windows\system32\NLAapi.dll
0x00007ff9c1790000 - 0x00007ff9c17cb000 	C:\Windows\SYSTEM32\IPHLPAPI.DLL
0x00007ff9c1af0000 - 0x00007ff9c1b5a000 	C:\Windows\System32\mswsock.dll
0x00007ff9c17d0000 - 0x00007ff9c189b000 	C:\Windows\SYSTEM32\DNSAPI.dll
0x00007ff9c3000000 - 0x00007ff9c3008000 	C:\Windows\System32\NSI.dll
0x00007ff988260000 - 0x00007ff988272000 	C:\Windows\System32\winrnr.dll
0x000000006f590000 - 0x000000006f5b6000 	C:\Program Files\Bonjour\mdnsNSP.dll
0x00007ff9b9c40000 - 0x00007ff9b9cc0000 	C:\Windows\System32\fwpuclnt.dll
0x00007ff9c2ba0000 - 0x00007ff9c2bc7000 	C:\Windows\System32\bcrypt.dll
0x00007ff9bbe20000 - 0x00007ff9bbe2a000 	C:\Windows\System32\rasadhlp.dll
0x000000006da90000 - 0x000000006dc28000 	D:\Java\8.0\jdk1.8.0_45\jre\bin\awt.dll
0x00007ff9c38d0000 - 0x00007ff9c399d000 	C:\Windows\System32\OLEAUT32.dll
0x00007ff9bfb90000 - 0x00007ff9bfc20000 	C:\Windows\SYSTEM32\apphelp.dll
0x00007ff96c4b0000 - 0x00007ff96c65f000 	D:\Project\sabang\eGovFrameDev-3.10.0-64bit\supermap-iobjectsjava-10.2.0-20128-90283-win64-all-Bin\Bin\WrapjCore.dll
0x00007ff9a3ad0000 - 0x00007ff9a3b5d000 	C:\Windows\SYSTEM32\MSVCP140.dll
0x0000000180000000 - 0x0000000180022000 	D:\Project\sabang\eGovFrameDev-3.10.0-64bit\supermap-iobjectsjava-10.2.0-20128-90283-win64-all-Bin\Bin\SuElement.dll
0x00007ff9a4620000 - 0x00007ff9a463b000 	C:\Windows\SYSTEM32\VCRUNTIME140.dll
0x00007ff9a42a0000 - 0x00007ff9a42ac000 	C:\Windows\SYSTEM32\VCRUNTIME140_1.dll
0x00007ff997060000 - 0x00007ff99707b000 	D:\Project\sabang\eGovFrameDev-3.10.0-64bit\supermap-iobjectsjava-10.2.0-20128-90283-win64-all-Bin\Bin\SuTileStorage.dll
0x0000000003020000 - 0x0000000003058000 	D:\Project\sabang\eGovFrameDev-3.10.0-64bit\supermap-iobjectsjava-10.2.0-20128-90283-win64-all-Bin\Bin\SuBase.dll
0x000000002dfb0000 - 0x000000002e146000 	D:\Project\sabang\eGovFrameDev-3.10.0-64bit\supermap-iobjectsjava-10.2.0-20128-90283-win64-all-Bin\Bin\SuToolkit.dll
0x000000002e150000 - 0x000000002e2ad000 	D:\Project\sabang\eGovFrameDev-3.10.0-64bit\supermap-iobjectsjava-10.2.0-20128-90283-win64-all-Bin\Bin\SuAlgorithm.dll
0x000000002e2b0000 - 0x000000002e336000 	D:\Project\sabang\eGovFrameDev-3.10.0-64bit\supermap-iobjectsjava-10.2.0-20128-90283-win64-all-Bin\Bin\SuProjection.dll
0x00007ff9c43a0000 - 0x00007ff9c44ca000 	C:\Windows\System32\ole32.dll
0x0000000003060000 - 0x0000000003093000 	D:\Project\sabang\eGovFrameDev-3.10.0-64bit\supermap-iobjectsjava-10.2.0-20128-90283-win64-all-Bin\Bin\SuStream.dll
0x000000002e340000 - 0x000000002e44e000 	D:\Project\sabang\eGovFrameDev-3.10.0-64bit\supermap-iobjectsjava-10.2.0-20128-90283-win64-all-Bin\Bin\SuGeometry.dll
0x000000002e450000 - 0x000000002e474000 	D:\Project\sabang\eGovFrameDev-3.10.0-64bit\supermap-iobjectsjava-10.2.0-20128-90283-win64-all-Bin\Bin\SuSpatialIndex.dll
0x000000002e480000 - 0x000000002e5bc000 	D:\Project\sabang\eGovFrameDev-3.10.0-64bit\supermap-iobjectsjava-10.2.0-20128-90283-win64-all-Bin\Bin\SuGeoOperation.dll
0x000000002e5c0000 - 0x000000002e67c000 	D:\Project\sabang\eGovFrameDev-3.10.0-64bit\supermap-iobjectsjava-10.2.0-20128-90283-win64-all-Bin\Bin\SuGeometryCAD.geo
0x000000002e680000 - 0x000000002e6a4000 	D:\Project\sabang\eGovFrameDev-3.10.0-64bit\supermap-iobjectsjava-10.2.0-20128-90283-win64-all-Bin\Bin\SuOGDC.dll
0x000000002e6c0000 - 0x000000002e70c000 	D:\Project\sabang\eGovFrameDev-3.10.0-64bit\supermap-iobjectsjava-10.2.0-20128-90283-win64-all-Bin\Bin\SuParticleSystem.dll
0x000000002e730000 - 0x000000002e847000 	D:\Project\sabang\eGovFrameDev-3.10.0-64bit\supermap-iobjectsjava-10.2.0-20128-90283-win64-all-Bin\Bin\SuFileParser.dll
0x000000002e850000 - 0x000000002e9b2000 	D:\Project\sabang\eGovFrameDev-3.10.0-64bit\supermap-iobjectsjava-10.2.0-20128-90283-win64-all-Bin\Bin\SuGraphics3D.dll
0x000000002e9d0000 - 0x000000002eba8000 	D:\Project\sabang\eGovFrameDev-3.10.0-64bit\supermap-iobjectsjava-10.2.0-20128-90283-win64-all-Bin\Bin\SuGeometry3D.geo
0x000000002ebc0000 - 0x000000002f307000 	D:\Project\sabang\eGovFrameDev-3.10.0-64bit\supermap-iobjectsjava-10.2.0-20128-90283-win64-all-Bin\Bin\SuBase3D.dll
0x000000002f320000 - 0x000000002f3d7000 	D:\Project\sabang\eGovFrameDev-3.10.0-64bit\supermap-iobjectsjava-10.2.0-20128-90283-win64-all-Bin\Bin\SuSymbol.dll
0x000000002f3f0000 - 0x000000002f5b8000 	D:\Project\sabang\eGovFrameDev-3.10.0-64bit\supermap-iobjectsjava-10.2.0-20128-90283-win64-all-Bin\Bin\SuEngine.dll
0x000000002f5d0000 - 0x000000002f6e6000 	D:\Project\sabang\eGovFrameDev-3.10.0-64bit\supermap-iobjectsjava-10.2.0-20128-90283-win64-all-Bin\Bin\SuGraphics.dll
0x000000002f700000 - 0x000000002f7bf000 	D:\Project\sabang\eGovFrameDev-3.10.0-64bit\supermap-iobjectsjava-10.2.0-20128-90283-win64-all-Bin\Bin\SuDataExchange.dll
0x000000002f7d0000 - 0x000000002f84f000 	D:\Project\sabang\eGovFrameDev-3.10.0-64bit\supermap-iobjectsjava-10.2.0-20128-90283-win64-all-Bin\Bin\SuWorkspace.dll
0x000000002f870000 - 0x000000002f8db000 	D:\Project\sabang\eGovFrameDev-3.10.0-64bit\supermap-iobjectsjava-10.2.0-20128-90283-win64-all-Bin\Bin\SuGeometryConverter.dll
0x000000002f8e0000 - 0x000000002f971000 	D:\Project\sabang\eGovFrameDev-3.10.0-64bit\supermap-iobjectsjava-10.2.0-20128-90283-win64-all-Bin\Bin\SuRepresentation.dll
0x000000002f9b0000 - 0x000000002f9d6000 	D:\Project\sabang\eGovFrameDev-3.10.0-64bit\supermap-iobjectsjava-10.2.0-20128-90283-win64-all-Bin\Bin\SuWrapc.dll
0x000000002f9e0000 - 0x000000002fa69000 	D:\Project\sabang\eGovFrameDev-3.10.0-64bit\supermap-iobjectsjava-10.2.0-20128-90283-win64-all-Bin\Bin\SuMosaic.dll
0x00007ff97a4b0000 - 0x00007ff97a599000 	D:\Project\sabang\eGovFrameDev-3.10.0-64bit\supermap-iobjectsjava-10.2.0-20128-90283-win64-all-Bin\Bin\libiconv.dll
0x00007ff9831c0000 - 0x00007ff9831ed000 	C:\Windows\SYSTEM32\VCOMP140.DLL
0x00007ff9aad60000 - 0x00007ff9aad7a000 	C:\Windows\SYSTEM32\NETAPI32.dll
0x00007ff98a5f0000 - 0x00007ff98a601000 	D:\Project\sabang\eGovFrameDev-3.10.0-64bit\supermap-iobjectsjava-10.2.0-20128-90283-win64-all-Bin\Bin\libImageOperator.dll
0x000000006d560000 - 0x000000006da8c000 	D:\Project\sabang\eGovFrameDev-3.10.0-64bit\supermap-iobjectsjava-10.2.0-20128-90283-win64-all-Bin\Bin\Qt5Core.dll
0x00007ff96c370000 - 0x00007ff96c4a3000 	D:\Project\sabang\eGovFrameDev-3.10.0-64bit\supermap-iobjectsjava-10.2.0-20128-90283-win64-all-Bin\Bin\geos352.dll
0x00007ff96c220000 - 0x00007ff96c370000 	D:\Project\sabang\eGovFrameDev-3.10.0-64bit\supermap-iobjectsjava-10.2.0-20128-90283-win64-all-Bin\Bin\SuChartToolkit.dll
0x00007ff9b6b20000 - 0x00007ff9b6b3d000 	C:\Windows\SYSTEM32\MPR.dll
0x00007ff988850000 - 0x00007ff988869000 	D:\Project\sabang\eGovFrameDev-3.10.0-64bit\supermap-iobjectsjava-10.2.0-20128-90283-win64-all-Bin\Bin\zlib.dll
0x00007ff96c140000 - 0x00007ff96c214000 	D:\Project\sabang\eGovFrameDev-3.10.0-64bit\supermap-iobjectsjava-10.2.0-20128-90283-win64-all-Bin\Bin\MSVCR110.dll
0x000000002fb00000 - 0x000000002fb5e000 	D:\Project\sabang\eGovFrameDev-3.10.0-64bit\supermap-iobjectsjava-10.2.0-20128-90283-win64-all-Bin\Bin\SuNetToolkit.dll
0x000000002fb60000 - 0x000000002fc84000 	D:\Project\sabang\eGovFrameDev-3.10.0-64bit\supermap-iobjectsjava-10.2.0-20128-90283-win64-all-Bin\Bin\liblzmafile.dll
0x000000002fca0000 - 0x000000002fcc4000 	D:\Project\sabang\eGovFrameDev-3.10.0-64bit\supermap-iobjectsjava-10.2.0-20128-90283-win64-all-Bin\Bin\SuCompactFile.dll
0x000000002fce0000 - 0x000000002fde5000 	D:\Project\sabang\eGovFrameDev-3.10.0-64bit\supermap-iobjectsjava-10.2.0-20128-90283-win64-all-Bin\Bin\SuTopoBuilder.dll
0x000000002fdf0000 - 0x000000002fea1000 	D:\Project\sabang\eGovFrameDev-3.10.0-64bit\supermap-iobjectsjava-10.2.0-20128-90283-win64-all-Bin\Bin\SuAlgorithm3D.dll
0x000000002feb0000 - 0x000000002ff0d000 	D:\Project\sabang\eGovFrameDev-3.10.0-64bit\supermap-iobjectsjava-10.2.0-20128-90283-win64-all-Bin\Bin\SuChartBase.dll
0x000000002ff50000 - 0x000000002fff8000 	D:\Project\sabang\eGovFrameDev-3.10.0-64bit\supermap-iobjectsjava-10.2.0-20128-90283-win64-all-Bin\Bin\SuSpatialQuery.dll
0x0000000030000000 - 0x00000000304d9000 	D:\Project\sabang\eGovFrameDev-3.10.0-64bit\supermap-iobjectsjava-10.2.0-20128-90283-win64-all-Bin\Bin\SuGeometryPlot.geo
0x00000000304e0000 - 0x00000000305df000 	D:\Project\sabang\eGovFrameDev-3.10.0-64bit\supermap-iobjectsjava-10.2.0-20128-90283-win64-all-Bin\Bin\SuDataCheck.dll
0x0000000030690000 - 0x0000000030799000 	D:\Project\sabang\eGovFrameDev-3.10.0-64bit\supermap-iobjectsjava-10.2.0-20128-90283-win64-all-Bin\Bin\SuTopoBase.dll
0x00000000305e0000 - 0x000000003062d000 	D:\Project\sabang\eGovFrameDev-3.10.0-64bit\supermap-iobjectsjava-10.2.0-20128-90283-win64-all-Bin\Bin\SuToolkit3D.dll
0x00007ff96bf40000 - 0x00007ff96c132000 	D:\Project\sabang\eGovFrameDev-3.10.0-64bit\supermap-iobjectsjava-10.2.0-20128-90283-win64-all-Bin\Bin\sqlite328.dll
0x00007ff96b750000 - 0x00007ff96bf35000 	D:\Project\sabang\eGovFrameDev-3.10.0-64bit\supermap-iobjectsjava-10.2.0-20128-90283-win64-all-Bin\Bin\spatialite.dll
0x00007ff97b340000 - 0x00007ff97b38c000 	D:\Project\sabang\eGovFrameDev-3.10.0-64bit\supermap-iobjectsjava-10.2.0-20128-90283-win64-all-Bin\Bin\geos352_c.dll
0x00007ff96b600000 - 0x00007ff96b749000 	D:\Project\sabang\eGovFrameDev-3.10.0-64bit\supermap-iobjectsjava-10.2.0-20128-90283-win64-all-Bin\Bin\libxml2.dll
0x00007ff9c1ce0000 - 0x00007ff9c1cec000 	C:\Windows\SYSTEM32\CRYPTBASE.DLL
0x00007ff9c24e0000 - 0x00007ff9c2562000 	C:\Windows\System32\bcryptPrimitives.dll
0x0000000030660000 - 0x0000000030680000 	D:\Project\sabang\eGovFrameDev-3.10.0-64bit\supermap-iobjectsjava-10.2.0-20128-90283-win64-all-Bin\Bin\SuNetToolkitCurl.cul
0x00007ff979bf0000 - 0x00007ff979c70000 	D:\Project\sabang\eGovFrameDev-3.10.0-64bit\supermap-iobjectsjava-10.2.0-20128-90283-win64-all-Bin\Bin\libcurl.dll
0x00007ff9c2c80000 - 0x00007ff9c2cd6000 	C:\Windows\System32\WLDAP32.dll
0x00007ff9c2990000 - 0x00007ff9c2ae6000 	C:\Windows\System32\CRYPT32.dll
0x00007ff9c41e0000 - 0x00007ff9c41e8000 	C:\Windows\System32\Normaliz.dll
0x00007ff9a49e0000 - 0x00007ff9a49ec000 	C:\Windows\SYSTEM32\secur32.dll
0x00007ff9c21f0000 - 0x00007ff9c2222000 	C:\Windows\SYSTEM32\SSPICLI.DLL
0x00007ff96b480000 - 0x00007ff96b5f1000 	D:\Project\sabang\eGovFrameDev-3.10.0-64bit\supermap-iobjectsjava-10.2.0-20128-90283-win64-all-Bin\Bin\WrapjAnalyst.dll
0x00007ff96b310000 - 0x00007ff96b479000 	D:\Project\sabang\eGovFrameDev-3.10.0-64bit\supermap-iobjectsjava-10.2.0-20128-90283-win64-all-Bin\Bin\SuStatisticsAnalyst.dll
0x00007ff96b1c0000 - 0x00007ff96b305000 	D:\Project\sabang\eGovFrameDev-3.10.0-64bit\supermap-iobjectsjava-10.2.0-20128-90283-win64-all-Bin\Bin\SuSchematic.dll
0x0000000030a30000 - 0x0000000030b0f000 	D:\Project\sabang\eGovFrameDev-3.10.0-64bit\supermap-iobjectsjava-10.2.0-20128-90283-win64-all-Bin\Bin\SuOverlay.dll
0x0000000031fd0000 - 0x000000003220e000 	D:\Project\sabang\eGovFrameDev-3.10.0-64bit\supermap-iobjectsjava-10.2.0-20128-90283-win64-all-Bin\Bin\SuGeneralization.dll
0x0000000030b10000 - 0x0000000030b69000 	D:\Project\sabang\eGovFrameDev-3.10.0-64bit\supermap-iobjectsjava-10.2.0-20128-90283-win64-all-Bin\Bin\SuRectify.dll
0x0000000032210000 - 0x0000000032370000 	D:\Project\sabang\eGovFrameDev-3.10.0-64bit\supermap-iobjectsjava-10.2.0-20128-90283-win64-all-Bin\Bin\SuGeoCode.dll
0x0000000032370000 - 0x0000000032434000 	D:\Project\sabang\eGovFrameDev-3.10.0-64bit\supermap-iobjectsjava-10.2.0-20128-90283-win64-all-Bin\Bin\SuNetworkEnvironment.dll
0x0000000030b70000 - 0x0000000030bcb000 	D:\Project\sabang\eGovFrameDev-3.10.0-64bit\supermap-iobjectsjava-10.2.0-20128-90283-win64-all-Bin\Bin\SuProximity.dll
0x0000000032440000 - 0x00000000324ad000 	D:\Project\sabang\eGovFrameDev-3.10.0-64bit\supermap-iobjectsjava-10.2.0-20128-90283-win64-all-Bin\Bin\SuGeometricNetwork.dll

VM Arguments:
jvm_args: -agentlib:jdwp=transport=dt_socket,suspend=y,address=localhost:49822 -javaagent:D:\Project\sabang\eGovFrameDev-3.10.0-64bit\eclipse\configuration\org.eclipse.osgi\413\0\.cp\lib\javaagent-shaded.jar -Dfile.encoding=UTF-8 
java_command: ZonalStatisticsTest
java_class_path (initial): D:\Project\sabang\eGovFrameDev-3.10.0-64bit\workspace\sabang\target\classes;C:\Users\ygjung\.m2\repository\egovframework\rte\egovframework.rte.ptl.mvc\3.10.0\egovframework.rte.ptl.mvc-3.10.0.jar;C:\Users\ygjung\.m2\repository\egovframework\rte\egovframework.rte.fdl.cmmn\3.10.0\egovframework.rte.fdl.cmmn-3.10.0.jar;C:\Users\ygjung\.m2\repository\org\aspectj\aspectjweaver\1.8.14\aspectjweaver-1.8.14.jar;C:\Users\ygjung\.m2\repository\org\aspectj\aspectjrt\1.8.14\aspectjrt-1.8.14.jar;C:\Users\ygjung\.m2\repository\org\apache\commons\commons-lang3\3.8.1\commons-lang3-3.8.1.jar;C:\Users\ygjung\.m2\repository\org\springframework\spring-webmvc\4.3.25.RELEASE\spring-webmvc-4.3.25.RELEASE.jar;C:\Users\ygjung\.m2\repository\org\springframework\spring-expression\4.3.25.RELEASE\spring-expression-4.3.25.RELEASE.jar;C:\Users\ygjung\.m2\repository\org\springmodules\spring-modules-validation\0.9\spring-modules-validation-0.9.jar;C:\Users\ygjung\.m2\repository\commons-validator\commons-validator\1.6\commons-validator-1.6.jar;C:\Users\ygjung\.m2\repository\commons-beanutils\commons-beanutils\1.9.2\commons-beanutils-1.9.2.jar;C:\Users\ygjung\.m2\repository\commons-digester\commons-digester\1.8.1\commons-digester-1.8.1.jar;C:\Users\ygjung\.m2\repository\egovframework\rte\egovframework.rte.psl.dataaccess\3.10.0\egovframework.rte.psl.dataaccess-3.10.0.jar;C:\Users\ygjung\.m2\repository\egovframework\rte\egovframework.rte.fdl.logging\3.10.0\egovframework.rte.fdl.logging-3.10.0.jar;C:\Users\ygjung\.m2\repository\org\apache\logging\log4j\log4j-core\2.12.4\log4j-core-2.12.4.jar;C:\Users\ygjung\.m2\repository\org\apache\logging\log4j\log4j-api\2.12.4\log4j-api-2.12.4.jar;C:\Users\ygjung\.m2\repository\org\apache\logging\log4j\log4j-slf4j-impl\2.12.4\log4j-slf4j-impl-2.12.4.jar;C:\Users\ygjung\.m2\repository\org\slf4j\jcl-over-slf4j\1.7.30\jcl-over-slf4j-1.7.30.jar;C:\Users\ygjung\.m2\repository\org\slf4j\log4j-over-slf4j\1.7.30\log4j-over-slf4j-1.7.30.jar;C:\Users
Launcher Type: SUN_STANDARD

Environment Variables:
JAVA_HOME=D:\Java\8.0\jdk1.8.0_45
PATH=D:\Java\8.0\jdk1.8.0_45\jre\bin;D:/Java/8.0/jdk1.8.0_45/bin/../jre/bin/server;D:/Java/8.0/jdk1.8.0_45/bin/../jre/bin;D:/Java/8.0/jdk1.8.0_45/bin/../jre/lib/amd64;C:\Program Files (x86)\Windows Resource Kits\Tools\;D:\oracle\product\11.2.0\client_32;D:\oracle\product\11.2.0\client_64;C:\Windows\system32;C:\Windows;C:\Windows\System32\Wbem;C:\Windows\System32\WindowsPowerShell\v1.0\;C:\Windows\System32\OpenSSH\;C:\Program Files (x86)\NVIDIA Corporation\PhysX\Common;C:\Program Files\NVIDIA Corporation\NVIDIA NvDLISR;D:\Java\8.0\jdk1.8.0_45\bin;C:\Program Files\PuTTY\;C:\Program Files (x86)\Clipsoft\CLIP report 4.0\jre\bin;C:\Program Files (x86)\PuTTY\;D:\Project\sabang\eGovFrameDev-3.10.0-64bit\supermap-iobjectsjava-10.2.0-20128-90283-win64-all-Bin\Bin;C:\Users\ygjung\AppData\Local\Microsoft\WindowsApps;;D:\Project\sabang\eGovFrameDev-3.10.0-64bit\eclipse;
USERNAME=ygjung
OS=Windows_NT
PROCESSOR_IDENTIFIER=Intel64 Family 6 Model 151 Stepping 2, GenuineIntel



---------------  S Y S T E M  ---------------

OS: Windows 10.0 , 64 bit Build 19041 (10.0.19041.1806)

CPU:total 20 (10 cores per cpu, 2 threads per core) family 6 model 151 stepping 2, cmov, cx8, fxsr, mmx, sse, sse2, sse3, ssse3, sse4.1, sse4.2, popcnt, avx, avx2, aes, clmul, erms, 3dnowpref, lzcnt, ht, tsc, tscinvbit, bmi1, bmi2, adx

Memory: 4k page, physical 33310220k(27982144k free), swap 38290956k(30749312k free)

vm_info: Java HotSpot(TM) 64-Bit Server VM (25.45-b02) for windows-amd64 JRE (1.8.0_45-b15), built on Apr 30 2015 12:40:44 by "java_re" with MS VC++ 10.0 (VS2010)

time: Wed Aug 10 10:25:19 2022
elapsed time: 63 seconds (0d 0h 1m 3s)

